<?xml version="1.0" encoding="UTF-8"?>
<!-- Generated by org.testng.reporters.JUnitXMLReporter -->
<testsuite hostname="Lenovo-PC" ignored="0" name="Test" tests="4" failures="0" timestamp="15 Jun 2019 02:25:24 GMT" time="57.01" errors="0">
  <testcase name="userCannotLogin" time="2.536" classname="Tests.LoginTests"/>
  <testcase name="userCanLogin" time="10.242" classname="Tests.LoginTests"/>
  <testcase name="createPosts" time="15.783" classname="Tests.PostsTests"/>
  <testcase name="editPosts" time="13.617" classname="Tests.PostsTests"/>
</testsuite> <!-- Test -->
